<?xml version="1.0" encoding="UTF-8"?>
<!-- Generated by org.testng.reporters.JUnitReportReporter -->
<testsuite skipped="0" hostname="LAPTOP-SG7OSF6S" name="basic.GetChangeRequestwithJsonParse" tests="1" failures="0" timestamp="29 May 2021 09:59:24 GMT" time="6.997" errors="0">
  <testcase name="getChange" time="6.997" classname="basic.GetChangeRequestwithJsonParse"/>
</testsuite> <!-- basic.GetChangeRequestwithJsonParse -->
